{"C:\\Data\\Code\\Express\\ECommerce-ExpressJs-Solution-main\\Express\\app.js": {"path":"C:\\Data\\Code\\Express\\ECommerce-ExpressJs-Solution-main\\Express\\app.js","statementMap":{"0":{"start":{"line":2,"column":16},"end":{"line":2,"column":34}},"1":{"start":{"line":3,"column":12},"end":{"line":3,"column":21}},"2":{"start":{"line":6,"column":0},"end":{"line":6,"column":24}},"3":{"start":{"line":7,"column":0},"end":{"line":7,"column":48}},"4":{"start":{"line":11,"column":40},"end":{"line":11,"column":48}},"5":{"start":{"line":14,"column":4},"end":{"line":16,"column":5}},"6":{"start":{"line":15,"column":8},"end":{"line":15,"column":119}},"7":{"start":{"line":19,"column":23},"end":{"line":19,"column":69}},"8":{"start":{"line":20,"column":4},"end":{"line":22,"column":5}},"9":{"start":{"line":21,"column":8},"end":{"line":21,"column":98}},"10":{"start":{"line":25,"column":4},"end":{"line":27,"column":5}},"11":{"start":{"line":26,"column":8},"end":{"line":26,"column":115}},"12":{"start":{"line":30,"column":23},"end":{"line":30,"column":36}},"13":{"start":{"line":31,"column":4},"end":{"line":33,"column":5}},"14":{"start":{"line":32,"column":8},"end":{"line":32,"column":125}},"15":{"start":{"line":35,"column":4},"end":{"line":35,"column":11}},"16":{"start":{"line":40,"column":40},"end":{"line":40,"column":48}},"17":{"start":{"line":41,"column":4},"end":{"line":41,"column":52}},"18":{"start":{"line":42,"column":4},"end":{"line":42,"column":11}},"19":{"start":{"line":46,"column":0},"end":{"line":52,"column":3}},"20":{"start":{"line":47,"column":4},"end":{"line":51,"column":7}},"21":{"start":{"line":55,"column":0},"end":{"line":58,"column":3}},"22":{"start":{"line":56,"column":4},"end":{"line":56,"column":23}},"23":{"start":{"line":57,"column":4},"end":{"line":57,"column":83}},"24":{"start":{"line":60,"column":0},"end":{"line":60,"column":21}}},"fnMap":{"0":{"name":"validateRequest","decl":{"start":{"line":10,"column":9},"end":{"line":10,"column":24}},"loc":{"start":{"line":10,"column":41},"end":{"line":36,"column":1}},"line":10},"1":{"name":"processRequest","decl":{"start":{"line":39,"column":9},"end":{"line":39,"column":23}},"loc":{"start":{"line":39,"column":40},"end":{"line":43,"column":1}},"line":39},"2":{"name":"(anonymous_2)","decl":{"start":{"line":46,"column":53},"end":{"line":46,"column":54}},"loc":{"start":{"line":46,"column":67},"end":{"line":52,"column":1}},"line":46},"3":{"name":"(anonymous_3)","decl":{"start":{"line":55,"column":8},"end":{"line":55,"column":9}},"loc":{"start":{"line":55,"column":33},"end":{"line":58,"column":1}},"line":55}},"branchMap":{"0":{"loc":{"start":{"line":14,"column":4},"end":{"line":16,"column":5}},"type":"if","locations":[{"start":{"line":14,"column":4},"end":{"line":16,"column":5}},{"start":{},"end":{}}],"line":14},"1":{"loc":{"start":{"line":14,"column":8},"end":{"line":14,"column":41}},"type":"binary-expr","locations":[{"start":{"line":14,"column":8},"end":{"line":14,"column":13}},{"start":{"line":14,"column":17},"end":{"line":14,"column":23}},{"start":{"line":14,"column":27},"end":{"line":14,"column":31}},{"start":{"line":14,"column":35},"end":{"line":14,"column":41}}],"line":14},"2":{"loc":{"start":{"line":20,"column":4},"end":{"line":22,"column":5}},"type":"if","locations":[{"start":{"line":20,"column":4},"end":{"line":22,"column":5}},{"start":{},"end":{}}],"line":20},"3":{"loc":{"start":{"line":25,"column":4},"end":{"line":27,"column":5}},"type":"if","locations":[{"start":{"line":25,"column":4},"end":{"line":27,"column":5}},{"start":{},"end":{}}],"line":25},"4":{"loc":{"start":{"line":25,"column":8},"end":{"line":25,"column":43}},"type":"binary-expr","locations":[{"start":{"line":25,"column":8},"end":{"line":25,"column":18}},{"start":{"line":25,"column":22},"end":{"line":25,"column":30}},{"start":{"line":25,"column":34},"end":{"line":25,"column":43}}],"line":25},"5":{"loc":{"start":{"line":31,"column":4},"end":{"line":33,"column":5}},"type":"if","locations":[{"start":{"line":31,"column":4},"end":{"line":33,"column":5}},{"start":{},"end":{}}],"line":31}},"s":{"0":1,"1":1,"2":1,"3":1,"4":8,"5":8,"6":2,"7":6,"8":6,"9":1,"10":5,"11":1,"12":4,"13":4,"14":1,"15":3,"16":3,"17":3,"18":3,"19":1,"20":3,"21":1,"22":0,"23":0,"24":1},"f":{"0":8,"1":3,"2":3,"3":0},"b":{"0":[2,6],"1":[8,8,8,6],"2":[1,5],"3":[1,4],"4":[5,5,4],"5":[1,3]},"_coverageSchema":"1a1c01bbd47fc00a2c39e90264f33305004495a9","hash":"e32ac47ed7ca45587eb9a3afc766e5a840e525f9"}
}
