TN:
SF:app.js
FN:10,validateRequest
FN:39,processRequest
FN:46,(anonymous_2)
FN:55,(anonymous_3)
FNF:4
FNH:3
FNDA:8,validateRequest
FNDA:3,processRequest
FNDA:3,(anonymous_2)
FNDA:0,(anonymous_3)
DA:2,1
DA:3,1
DA:6,1
DA:7,1
DA:11,8
DA:14,8
DA:15,2
DA:19,6
DA:20,6
DA:21,1
DA:25,5
DA:26,1
DA:30,4
DA:31,4
DA:32,1
DA:35,3
DA:40,3
DA:41,3
DA:42,3
DA:46,1
DA:47,3
DA:55,1
DA:56,0
DA:57,0
DA:60,1
LF:25
LH:23
BRDA:14,0,0,2
BRDA:14,0,1,6
BRDA:14,1,0,8
BRDA:14,1,1,8
BRDA:14,1,2,8
BRDA:14,1,3,6
BRDA:20,2,0,1
BRDA:20,2,1,5
BRDA:25,3,0,1
BRDA:25,3,1,4
BRDA:25,4,0,5
BRDA:25,4,1,5
BRDA:25,4,2,4
BRDA:31,5,0,1
BRDA:31,5,1,3
BRF:15
BRH:15
end_of_record
